<?xml version="1.0" encoding="UTF-8"?>
<testng-results ignored="0" total="1" passed="1" failed="0" skipped="0">
  <reporter-output>
  </reporter-output>
  <suite started-at="2024-04-06T14:14:19 IST" name="Default suite" finished-at="2024-04-06T14:15:15 IST" duration-ms="55900">
    <groups>
    </groups>
    <test started-at="2024-04-06T14:14:19 IST" name="Default test" finished-at="2024-04-06T14:15:15 IST" duration-ms="55900">
      <class name="Flipkart_MavenAutomation.Flipkart_MavenProject.FlipkartProj1">
        <test-method signature="Ecommerce()[pri:0, instance:Flipkart_MavenAutomation.Flipkart_MavenProject.FlipkartProj1@25084a1e]" started-at="2024-04-06T14:14:19 IST" name="Ecommerce" finished-at="2024-04-06T14:15:15 IST" duration-ms="55796" status="PASS">
          <reporter-output>
          </reporter-output>
        </test-method> <!-- Ecommerce -->
      </class> <!-- Flipkart_MavenAutomation.Flipkart_MavenProject.FlipkartProj1 -->
    </test> <!-- Default test -->
  </suite> <!-- Default suite -->
</testng-results>
